2024-08-26 15:56:45,510 [INFO]  starting up 24-08-26-1556_setting0 at 11.694648288999929
2024-08-26 15:56:45,546 [INFO]  git SHA: a2a5c43fb29217d9d662423e1a729b55dd49a308
2024-08-26 15:56:45,546 [INFO]  setting file name: s0
2024-08-26 15:56:45,547 [INFO]  parameters {'points_per_cent': 2, 'time_limit': 5, 'correct_responses': ['f', 'j'], 'combination_num': 8}
2024-08-26 15:56:46,368 [INFO]  Created window with size [1300 1000]
2024-08-26 15:56:46,485 [INFO]  Using dummy triggers
2024-08-26 15:56:46,486 [INFO]  begin main
2024-08-26 15:56:46,486 [DEBUG]  message: Ready? Let go! (None)
2024-08-26 15:56:55,137 [INFO]  Starting block 0: {'left_cue_condition': 0.3, 'stimA_condition': 0.5}
2024-08-26 15:56:55,137 [INFO]  block 0 label:('<<<>>>>>>>', 'oooooxxxxx')
2024-08-26 15:56:55,138 [DEBUG]  message: Block 1: 
cue proportion <<<>>>>>>> 
stimulus proportion oooooxxxxx (None)
2024-08-26 15:56:56,379 [INFO]  begin trial {"cue_direction": "right", "stimulus": "A|A", "correct_response": "f", "left_cue_condition": 0.3, "stimA_condition": 0.5}
2024-08-26 15:56:56,379 [DEBUG]  Trial.log 22.563 initialize status = ok
2024-08-26 15:56:56,379 [DEBUG]  MouseLink message
2024-08-26 15:56:56,379 [DEBUG]  Trial.log 22.564 start recording 
2024-08-26 15:56:56,379 [DEBUG]  MouseLink message
2024-08-26 15:56:56,379 [INFO]  MouseLink start_recording
2024-08-26 15:56:56,379 [DEBUG]  Trial.log 22.564 start 
2024-08-26 15:56:56,379 [DEBUG]  MouseLink message
2024-08-26 15:56:56,384 [DEBUG]  Trial.log 22.568 show fixation 
2024-08-26 15:56:56,384 [INFO]  send trigger 0
2024-08-26 15:56:56,384 [DEBUG]  MouseLink message
2024-08-26 15:56:56,893 [DEBUG]  Trial.log 23.078 show cue 
2024-08-26 15:56:56,894 [INFO]  send trigger 1
2024-08-26 15:56:56,894 [DEBUG]  MouseLink message
2024-08-26 15:56:58,409 [DEBUG]  Trial.log 24.594 show fixation 
2024-08-26 15:56:58,409 [INFO]  send trigger 0
2024-08-26 15:56:58,410 [DEBUG]  MouseLink message
2024-08-26 15:56:59,003 [DEBUG]  Trial.log 25.187 start sound 
2024-08-26 15:56:59,003 [INFO]  send trigger 2
2024-08-26 15:56:59,003 [DEBUG]  MouseLink message
2024-08-26 15:56:59,503 [DEBUG]  Trial.log 25.688 start decision window 
2024-08-26 15:56:59,503 [DEBUG]  MouseLink message
2024-08-26 15:57:02,371 [DEBUG]  Trial.log 28.556 response response = f, performance = Correct
2024-08-26 15:57:02,372 [DEBUG]  MouseLink message
2024-08-26 15:57:02,372 [DEBUG]  Trial.log 28.556 done 
2024-08-26 15:57:02,372 [INFO]  send trigger 4
2024-08-26 15:57:02,372 [DEBUG]  MouseLink message
2024-08-26 15:57:02,372 [INFO]  end trial [{"time": 22.563448081999923, "event": "initialize", "status": "ok"}, {"time": 22.563591173999953, "event": "start recording"}, {"time": 22.563755083999922, "event": "start"}, {"time": 22.568382267999937, "event": "show fixation"}, {"time": 23.078120222999928, "event": "show cue"}, {"time": 24.594021253999927, "event": "show fixation"}, {"time": 25.187179063999906, "event": "start sound"}, {"time": 25.687775439999996, "event": "start decision window"}, {"time": 28.555631148999964, "event": "response", "response": "f", "performance": "Correct"}, {"time": 28.556485307999992, "event": "done"}]
2024-08-26 15:57:02,372 [INFO]  MouseLink stop_recording
2024-08-26 15:57:02,376 [INFO]  gt.status is ok
2024-08-26 15:57:02,377 [ERROR]  Caught exception in main
Traceback (most recent call last):
  File "/Users/wangying/Desktop/PupilDilationPsychopy/PupilDilationExp/experiment.py", line 562, in main
    self.run_test_trial(left_cue_probability, A_probability)
  File "/Users/wangying/Desktop/PupilDilationPsychopy/PupilDilationExp/experiment.py", line 525, in run_test_trial
    print("trail.rt", trail.rt)
NameError: name 'trail' is not defined
2024-08-26 15:57:25,189 [ERROR]  Caught exception in stage main
Traceback (most recent call last):
  File "/Users/wangying/Desktop/PupilDilationPsychopy/PupilDilationExp/experiment.py", line 562, in main
    self.run_test_trial(left_cue_probability, A_probability)
  File "/Users/wangying/Desktop/PupilDilationPsychopy/PupilDilationExp/experiment.py", line 525, in run_test_trial
    print("trail.rt", trial.rt)
NameError: name 'trail' is not defined

During handling of the above exception, another exception occurred:

Traceback (most recent call last):
  File "/Users/wangying/Desktop/PupilDilationPsychopy/PupilDilationExp/experiment.py", line 40, in wrapper
    f(self, *args, **kwargs)
  File "/Users/wangying/Desktop/PupilDilationPsychopy/PupilDilationExp/experiment.py", line 576, in main
    keys = event.waitKeys(keyList=['c', 'r', 'q'])
  File "/Users/wangying/Desktop/PupilDilationPsychopy/myenv/lib/python3.9/site-packages/psychopy/event.py", line 529, in waitKeys
    keys = getKeys(keyList=keyList, modifiers=modifiers,
  File "/Users/wangying/Desktop/PupilDilationPsychopy/myenv/lib/python3.9/site-packages/psychopy/event.py", line 412, in getKeys
    win.dispatch_events()  # pump events on pyglet windows
  File "/Users/wangying/Desktop/PupilDilationPsychopy/myenv/lib/python3.9/site-packages/pyglet/window/cocoa/__init__.py", line 305, in dispatch_events
    pool = NSAutoreleasePool.new()
  File "/Users/wangying/Desktop/PupilDilationPsychopy/myenv/lib/python3.9/site-packages/pyglet/libs/darwin/cocoapy/runtime.py", line 805, in __call__
    return self.method(self.objc_id, *args)
  File "/Users/wangying/Desktop/PupilDilationPsychopy/myenv/lib/python3.9/site-packages/pyglet/libs/darwin/cocoapy/runtime.py", line 778, in __call__
    result = ObjCInstance(result)
  File "/Users/wangying/Desktop/PupilDilationPsychopy/myenv/lib/python3.9/site-packages/pyglet/libs/darwin/cocoapy/runtime.py", line 972, in __new__
    observer = send_message(send_message('DeallocationObserver', 'alloc'), 'initWithObject:', objc_instance)
  File "/Users/wangying/Desktop/PupilDilationPsychopy/myenv/lib/python3.9/site-packages/pyglet/libs/darwin/cocoapy/runtime.py", line 468, in send_message
    def send_message(receiver, selName, *args, **kwargs):
KeyboardInterrupt
